<?xml version="1.0" encoding="UTF-8"?>
<!-- Generated by org.testng.reporters.JUnitReportReporter -->
<testsuite hostname="Alejandros-Air" failures="0" tests="1" name="org.tyba.tests.DreamUITest" time="24.334" errors="0" timestamp="2023-01-26T16:49:28 COT" skipped="0">
  <testcase classname="org.tyba.tests.DreamUITest" name="calculateLoanWithDefaultData" time="24.334"/>
</testsuite> <!-- org.tyba.tests.DreamUITest -->
